{"D:\\training\\phase1\\Node.js\\farhadcodes-a-CP-blog\\models\\dbconnect.js": {"path":"D:\\training\\phase1\\Node.js\\farhadcodes-a-CP-blog\\models\\dbconnect.js","statementMap":{"0":{"start":{"line":1,"column":18},"end":{"line":1,"column":38}},"1":{"start":{"line":3,"column":15},"end":{"line":9,"column":1}},"2":{"start":{"line":11,"column":18},"end":{"line":15,"column":2}},"3":{"start":{"line":17,"column":0},"end":{"line":17,"column":27}}},"fnMap":{},"branchMap":{},"s":{"0":2,"1":2,"2":2,"3":2},"f":{},"b":{},"_coverageSchema":"1a1c01bbd47fc00a2c39e90264f33305004495a9","hash":"d8c8f59803161173e2e891bf74ad35f81b57b63c"}
,"D:\\training\\phase1\\Node.js\\farhadcodes-a-CP-blog\\models\\storymodel.js": {"path":"D:\\training\\phase1\\Node.js\\farhadcodes-a-CP-blog\\models\\storymodel.js","statementMap":{"0":{"start":{"line":1,"column":18},"end":{"line":1,"column":38}},"1":{"start":{"line":2,"column":18},"end":{"line":2,"column":40}},"2":{"start":{"line":5,"column":14},"end":{"line":48,"column":2}},"3":{"start":{"line":50,"column":0},"end":{"line":50,"column":23}}},"fnMap":{},"branchMap":{},"s":{"0":1,"1":1,"2":1,"3":1},"f":{},"b":{},"_coverageSchema":"1a1c01bbd47fc00a2c39e90264f33305004495a9","hash":"368b072ac0e2cf4f7a119f4fe32112871f839549"}
,"D:\\training\\phase1\\Node.js\\farhadcodes-a-CP-blog\\models\\usermodel.js": {"path":"D:\\training\\phase1\\Node.js\\farhadcodes-a-CP-blog\\models\\usermodel.js","statementMap":{"0":{"start":{"line":1,"column":18},"end":{"line":1,"column":38}},"1":{"start":{"line":2,"column":18},"end":{"line":2,"column":40}},"2":{"start":{"line":4,"column":13},"end":{"line":33,"column":2}},"3":{"start":{"line":35,"column":0},"end":{"line":35,"column":22}}},"fnMap":{},"branchMap":{},"s":{"0":1,"1":1,"2":1,"3":1},"f":{},"b":{},"_coverageSchema":"1a1c01bbd47fc00a2c39e90264f33305004495a9","hash":"8c90166f64fb61bab080150299d8be75aa0d7133"}
,"D:\\training\\phase1\\Node.js\\farhadcodes-a-CP-blog\\services\\storyServices.js": {"path":"D:\\training\\phase1\\Node.js\\farhadcodes-a-CP-blog\\services\\storyServices.js","statementMap":{"0":{"start":{"line":3,"column":4},"end":{"line":3,"column":28}},"1":{"start":{"line":6,"column":68},"end":{"line":6,"column":77}},"2":{"start":{"line":7,"column":21},"end":{"line":14,"column":5}},"3":{"start":{"line":16,"column":17},"end":{"line":16,"column":55}},"4":{"start":{"line":17,"column":4},"end":{"line":17,"column":16}},"5":{"start":{"line":21,"column":17},"end":{"line":21,"column":48}},"6":{"start":{"line":22,"column":4},"end":{"line":22,"column":16}},"7":{"start":{"line":26,"column":17},"end":{"line":26,"column":65}},"8":{"start":{"line":27,"column":4},"end":{"line":27,"column":16}},"9":{"start":{"line":30,"column":54},"end":{"line":30,"column":63}},"10":{"start":{"line":31,"column":17},"end":{"line":36,"column":5}},"11":{"start":{"line":37,"column":17},"end":{"line":39,"column":6}},"12":{"start":{"line":40,"column":4},"end":{"line":40,"column":16}},"13":{"start":{"line":43,"column":17},"end":{"line":45,"column":6}},"14":{"start":{"line":46,"column":4},"end":{"line":46,"column":16}},"15":{"start":{"line":49,"column":17},"end":{"line":53,"column":6}},"16":{"start":{"line":55,"column":4},"end":{"line":55,"column":16}},"17":{"start":{"line":59,"column":0},"end":{"line":59,"column":30}}},"fnMap":{"0":{"name":"(anonymous_0)","decl":{"start":{"line":2,"column":2},"end":{"line":2,"column":3}},"loc":{"start":{"line":2,"column":21},"end":{"line":4,"column":3}},"line":2},"1":{"name":"(anonymous_1)","decl":{"start":{"line":5,"column":2},"end":{"line":5,"column":3}},"loc":{"start":{"line":5,"column":31},"end":{"line":18,"column":3}},"line":5},"2":{"name":"(anonymous_2)","decl":{"start":{"line":20,"column":2},"end":{"line":20,"column":3}},"loc":{"start":{"line":20,"column":22},"end":{"line":23,"column":3}},"line":20},"3":{"name":"(anonymous_3)","decl":{"start":{"line":25,"column":2},"end":{"line":25,"column":3}},"loc":{"start":{"line":25,"column":21},"end":{"line":28,"column":3}},"line":25},"4":{"name":"(anonymous_4)","decl":{"start":{"line":29,"column":2},"end":{"line":29,"column":3}},"loc":{"start":{"line":29,"column":35},"end":{"line":41,"column":3}},"line":29},"5":{"name":"(anonymous_5)","decl":{"start":{"line":42,"column":2},"end":{"line":42,"column":3}},"loc":{"start":{"line":42,"column":24},"end":{"line":47,"column":3}},"line":42},"6":{"name":"(anonymous_6)","decl":{"start":{"line":48,"column":2},"end":{"line":48,"column":3}},"loc":{"start":{"line":48,"column":33},"end":{"line":56,"column":3}},"line":48}},"branchMap":{},"s":{"0":1,"1":1,"2":1,"3":1,"4":1,"5":1,"6":1,"7":1,"8":1,"9":1,"10":1,"11":1,"12":1,"13":1,"14":1,"15":0,"16":0,"17":1},"f":{"0":1,"1":1,"2":1,"3":1,"4":1,"5":1,"6":0},"b":{},"_coverageSchema":"1a1c01bbd47fc00a2c39e90264f33305004495a9","hash":"bb44a838f3ab2278bef69be964c79394b023a54f"}
,"D:\\training\\phase1\\Node.js\\farhadcodes-a-CP-blog\\services\\userServices.js": {"path":"D:\\training\\phase1\\Node.js\\farhadcodes-a-CP-blog\\services\\userServices.js","statementMap":{"0":{"start":{"line":1,"column":15},"end":{"line":1,"column":32}},"1":{"start":{"line":5,"column":4},"end":{"line":5,"column":27}},"2":{"start":{"line":7,"column":15},"end":{"line":17,"column":3}},"3":{"start":{"line":8,"column":21},"end":{"line":8,"column":61}},"4":{"start":{"line":9,"column":28},"end":{"line":9,"column":36}},"5":{"start":{"line":10,"column":20},"end":{"line":14,"column":5}},"6":{"start":{"line":15,"column":21},"end":{"line":15,"column":57}},"7":{"start":{"line":16,"column":4},"end":{"line":16,"column":20}},"8":{"start":{"line":18,"column":12},"end":{"line":23,"column":3}},"9":{"start":{"line":19,"column":21},"end":{"line":21,"column":6}},"10":{"start":{"line":22,"column":4},"end":{"line":22,"column":20}},"11":{"start":{"line":25,"column":15},"end":{"line":34,"column":3}},"12":{"start":{"line":32,"column":21},"end":{"line":32,"column":51}},"13":{"start":{"line":33,"column":4},"end":{"line":33,"column":20}},"14":{"start":{"line":35,"column":15},"end":{"line":40,"column":3}},"15":{"start":{"line":36,"column":21},"end":{"line":38,"column":6}},"16":{"start":{"line":39,"column":4},"end":{"line":39,"column":20}},"17":{"start":{"line":41,"column":15},"end":{"line":46,"column":3}},"18":{"start":{"line":42,"column":21},"end":{"line":44,"column":6}},"19":{"start":{"line":45,"column":4},"end":{"line":45,"column":20}},"20":{"start":{"line":48,"column":19},"end":{"line":53,"column":3}},"21":{"start":{"line":49,"column":21},"end":{"line":51,"column":6}},"22":{"start":{"line":52,"column":4},"end":{"line":52,"column":20}},"23":{"start":{"line":56,"column":0},"end":{"line":56,"column":30}}},"fnMap":{"0":{"name":"(anonymous_0)","decl":{"start":{"line":4,"column":2},"end":{"line":4,"column":3}},"loc":{"start":{"line":4,"column":21},"end":{"line":6,"column":3}},"line":4},"1":{"name":"(anonymous_1)","decl":{"start":{"line":7,"column":15},"end":{"line":7,"column":16}},"loc":{"start":{"line":7,"column":35},"end":{"line":17,"column":3}},"line":7},"2":{"name":"(anonymous_2)","decl":{"start":{"line":18,"column":12},"end":{"line":18,"column":13}},"loc":{"start":{"line":18,"column":26},"end":{"line":23,"column":3}},"line":18},"3":{"name":"(anonymous_3)","decl":{"start":{"line":25,"column":15},"end":{"line":25,"column":16}},"loc":{"start":{"line":25,"column":27},"end":{"line":34,"column":3}},"line":25},"4":{"name":"(anonymous_4)","decl":{"start":{"line":35,"column":15},"end":{"line":35,"column":16}},"loc":{"start":{"line":35,"column":39},"end":{"line":40,"column":3}},"line":35},"5":{"name":"(anonymous_5)","decl":{"start":{"line":41,"column":15},"end":{"line":41,"column":16}},"loc":{"start":{"line":41,"column":29},"end":{"line":46,"column":3}},"line":41},"6":{"name":"(anonymous_6)","decl":{"start":{"line":48,"column":19},"end":{"line":48,"column":20}},"loc":{"start":{"line":48,"column":36},"end":{"line":53,"column":3}},"line":48}},"branchMap":{},"s":{"0":1,"1":1,"2":1,"3":1,"4":1,"5":1,"6":1,"7":1,"8":1,"9":1,"10":1,"11":1,"12":1,"13":1,"14":1,"15":1,"16":1,"17":1,"18":1,"19":1,"20":1,"21":0,"22":0,"23":1},"f":{"0":1,"1":1,"2":1,"3":1,"4":1,"5":1,"6":0},"b":{},"_coverageSchema":"1a1c01bbd47fc00a2c39e90264f33305004495a9","hash":"1cd30ae456a5a2706a203b779b7fc37189656f4c"}
}
