TN:
SF:controllers\storyController.js
FN:10,(anonymous_0)
FN:16,(anonymous_1)
FN:22,(anonymous_2)
FN:31,(anonymous_3)
FN:39,(anonymous_4)
FNF:5
FNH:5
FNDA:1,(anonymous_0)
FNDA:1,(anonymous_1)
FNDA:2,(anonymous_2)
FNDA:2,(anonymous_3)
FNDA:2,(anonymous_4)
DA:2,1
DA:3,1
DA:4,1
DA:5,1
DA:6,1
DA:8,1
DA:10,1
DA:11,1
DA:13,1
DA:16,1
DA:17,1
DA:19,1
DA:22,1
DA:23,2
DA:24,2
DA:25,1
DA:28,1
DA:31,1
DA:32,2
DA:33,2
DA:34,1
DA:36,1
DA:39,1
DA:40,2
DA:42,2
DA:43,1
DA:45,1
DA:49,1
LF:28
LH:28
BRDA:24,0,0,1
BRDA:24,0,1,1
BRDA:33,1,0,1
BRDA:33,1,1,1
BRDA:42,2,0,1
BRDA:42,2,1,1
BRF:6
BRH:6
end_of_record
TN:
SF:controllers\userController.js
FN:9,(anonymous_0)
FN:16,(anonymous_1)
FN:20,(anonymous_2)
FN:27,(anonymous_3)
FNF:4
FNH:4
FNDA:2,(anonymous_0)
FNDA:1,(anonymous_1)
FNDA:2,(anonymous_2)
FNDA:2,(anonymous_3)
DA:1,1
DA:2,1
DA:3,1
DA:4,1
DA:5,1
DA:7,1
DA:9,1
DA:10,2
DA:11,2
DA:12,1
DA:14,1
DA:16,1
DA:17,1
DA:18,1
DA:20,1
DA:21,2
DA:22,2
DA:23,1
DA:25,1
DA:27,1
DA:28,2
DA:29,2
DA:30,1
DA:32,1
DA:34,1
LF:25
LH:25
BRDA:11,0,0,1
BRDA:11,0,1,1
BRDA:22,1,0,1
BRDA:22,1,1,1
BRDA:29,2,0,1
BRDA:29,2,1,1
BRF:6
BRH:6
end_of_record
TN:
SF:models\dbconnect.js
FNF:0
FNH:0
DA:1,4
DA:3,4
DA:11,4
DA:17,4
LF:4
LH:4
BRF:0
BRH:0
end_of_record
TN:
SF:models\storymodel.js
FNF:0
FNH:0
DA:1,2
DA:2,2
DA:5,2
DA:50,2
LF:4
LH:4
BRF:0
BRH:0
end_of_record
TN:
SF:models\usermodel.js
FNF:0
FNH:0
DA:1,2
DA:2,2
DA:4,2
DA:35,2
LF:4
LH:4
BRF:0
BRH:0
end_of_record
TN:
SF:services\storyServices.js
FN:2,(anonymous_0)
FN:5,(anonymous_1)
FN:20,(anonymous_2)
FN:25,(anonymous_3)
FN:29,(anonymous_4)
FN:42,(anonymous_5)
FN:48,(anonymous_6)
FNF:7
FNH:7
FNDA:2,(anonymous_0)
FNDA:1,(anonymous_1)
FNDA:1,(anonymous_2)
FNDA:1,(anonymous_3)
FNDA:1,(anonymous_4)
FNDA:1,(anonymous_5)
FNDA:1,(anonymous_6)
DA:3,2
DA:6,1
DA:7,1
DA:16,1
DA:17,1
DA:21,1
DA:22,1
DA:26,1
DA:27,1
DA:30,1
DA:31,1
DA:37,1
DA:40,1
DA:43,1
DA:46,1
DA:49,1
DA:55,1
DA:59,2
LF:18
LH:18
BRF:0
BRH:0
end_of_record
TN:
SF:services\userServices.js
FN:4,(anonymous_0)
FN:7,(anonymous_1)
FN:18,(anonymous_2)
FN:26,(anonymous_3)
FN:36,(anonymous_4)
FN:43,(anonymous_5)
FN:50,(anonymous_6)
FNF:7
FNH:7
FNDA:2,(anonymous_0)
FNDA:1,(anonymous_1)
FNDA:1,(anonymous_2)
FNDA:1,(anonymous_3)
FNDA:1,(anonymous_4)
FNDA:1,(anonymous_5)
FNDA:1,(anonymous_6)
DA:1,2
DA:5,2
DA:7,2
DA:8,1
DA:9,1
DA:10,1
DA:15,1
DA:16,1
DA:18,2
DA:20,1
DA:23,1
DA:26,2
DA:33,1
DA:34,1
DA:36,2
DA:38,1
DA:41,1
DA:43,2
DA:44,1
DA:47,1
DA:50,2
DA:51,1
DA:54,1
DA:58,2
LF:24
LH:24
BRF:0
BRH:0
end_of_record
TN:
SF:utils\appError.js
FN:2,(anonymous_0)
FNF:1
FNH:1
FNDA:6,(anonymous_0)
DA:3,6
DA:5,6
DA:6,6
DA:7,6
DA:9,6
DA:13,2
LF:6
LH:6
BRDA:6,0,0,6
BRDA:6,0,1,0
BRF:2
BRH:1
end_of_record
TN:
SF:utils\catchAsync.js
FN:1,(anonymous_0)
FN:2,(anonymous_1)
FNF:2
FNH:2
FNDA:9,(anonymous_0)
FNDA:15,(anonymous_1)
DA:1,2
DA:2,9
DA:3,15
DA:4,15
DA:6,0
LF:5
LH:4
BRF:0
BRH:0
end_of_record
TN:
SF:utils\sendResponse.js
FN:5,(anonymous_0)
FN:12,(anonymous_1)
FN:17,(anonymous_2)
FN:22,(anonymous_3)
FN:27,(anonymous_4)
FNF:5
FNH:5
FNDA:2,(anonymous_0)
FNDA:1,(anonymous_1)
FNDA:1,(anonymous_2)
FNDA:1,(anonymous_3)
FNDA:5,(anonymous_4)
DA:1,3
DA:2,3
DA:3,3
DA:5,3
DA:6,2
DA:12,3
DA:13,1
DA:15,1
DA:17,3
DA:18,1
DA:20,1
DA:22,3
DA:23,1
DA:25,1
DA:27,3
DA:29,5
DA:30,4
DA:31,3
DA:32,2
DA:33,1
LF:20
LH:20
BRDA:29,0,0,1
BRDA:29,0,1,4
BRDA:30,1,0,1
BRDA:30,1,1,3
BRDA:31,2,0,1
BRDA:31,2,1,2
BRDA:32,3,0,1
BRDA:32,3,1,1
BRF:8
BRH:8
end_of_record
